Build started 2013/6/12 下午 09:01:10.
     1>Project "C:\Users\Love95023\Desktop\game\game.vcxproj" on node 2 (build target(s)).
     1>InitializeBuildStatus:
         Creating ".\Debug\game.unsuccessfulbuild" because "AlwaysCreate" was specified.
       ClCompile:
         C:\Program Files\Microsoft Visual Studio 10.0\VC\bin\CL.exe /c /ZI /nologo /W3 /WX /Od /Oy- /D WIN32 /D _DEBUG /D _WINDOWS /D _CRT_SECURE_NO_DEPRECATE /D WINVER=0x400 /D _VC80_UPGRADE=0x0600 /D _AFXDLL /Gm /EHsc /MDd /GS /fp:precise /Zc:wchar_t /Zc:forScope /GR /Yc"stdafx.h" /Fp".\Debug/game.pch" /Fo".\Debug/" /Fd".\Debug/vc100.pdb" /Gd /TP /analyze- /errorReport:prompt Source\StdAfx.cpp
         StdAfx.cpp
         C:\Program Files\Microsoft Visual Studio 10.0\VC\bin\CL.exe /c /ZI /nologo /W3 /WX /Od /Oy- /D WIN32 /D _DEBUG /D _WINDOWS /D _CRT_SECURE_NO_DEPRECATE /D WINVER=0x400 /D _VC80_UPGRADE=0x0600 /D _AFXDLL /Gm /EHsc /MDd /GS /fp:precise /Zc:wchar_t /Zc:forScope /GR /Yu"stdafx.h" /Fp".\Debug/game.pch" /Fo".\Debug/" /Fd".\Debug/vc100.pdb" /Gd /TP /analyze- /errorReport:prompt Source\audio.cpp Source\game.cpp Source\gameDoc.cpp Source\gameView.cpp Source\MainFrm.cpp Source\gamelib.cpp Source\mygame.cpp
         mygame.cpp
         gamelib.cpp
         MainFrm.cpp
         gameView.cpp
         gameDoc.cpp
         game.cpp
         audio.cpp
         Generating Code...
       ResourceCompile:
         C:\Program Files\Microsoft SDKs\Windows\v7.0A\bin\rc.exe /D _DEBUG /D _VC80_UPGRADE=0x0600 /D _AFXDLL /l"0x0404" /nologo /fo".\Debug\game.res" Source\game.rc 
       ManifestResourceCompile:
         C:\Program Files\Microsoft SDKs\Windows\v7.0A\bin\rc.exe /nologo /fo".\Debug\game.exe.embed.manifest.res" .\Debug\game_manifest.rc 
       Link:
         C:\Program Files\Microsoft Visual Studio 10.0\VC\bin\link.exe /ERRORREPORT:PROMPT /OUT:".\Debug/game.exe" /INCREMENTAL /NOLOGO ddraw.lib dxguid.lib winmm.lib dsound.lib /MANIFEST /ManifestFile:".\Debug\game.exe.intermediate.manifest" /MANIFESTUAC:"level='asInvoker' uiAccess='false'" /DEBUG /PDB:".\Debug/game.pdb" /SUBSYSTEM:WINDOWS /TLBID:1 /DYNAMICBASE:NO /IMPLIB:".\Debug\game.lib" /MACHINE:X86 .\Debug\game.res
         .\Debug\game.exe.embed.manifest.res
         .\Debug/audio.obj
         .\Debug/game.obj
         .\Debug/gameDoc.obj
         .\Debug/gameView.obj
         .\Debug/MainFrm.obj
         .\Debug/StdAfx.obj
         .\Debug/gamelib.obj
         .\Debug/mygame.obj
       Manifest:
         C:\Program Files\Microsoft SDKs\Windows\v7.0A\bin\mt.exe /nologo /verbose /out:".\Debug\game.exe.embed.manifest" /manifest .\Debug\game.exe.intermediate.manifest "C:\Program Files\Microsoft Visual Studio 10.0\VC\Include\Manifest\dpiaware.manifest"
         All outputs are up-to-date.
       LinkEmbedManifest:
         All outputs are up-to-date.
         game.vcxproj -> C:\Users\Love95023\Desktop\game\.\Debug\game.exe
       FinalizeBuildStatus:
         Deleting file ".\Debug\game.unsuccessfulbuild".
         Touching ".\Debug\game.lastbuildstate".
     1>Done Building Project "C:\Users\Love95023\Desktop\game\game.vcxproj" (build target(s)).

Build succeeded.

Time Elapsed 00:00:13.86
